\BOOKMARK [0][-]{dummy.1}{\376\377\000A\000c\000k\000n\000o\000w\000l\000e\000d\000g\000e\000m\000e\000n\000t\000s}{}% 1
\BOOKMARK [0][-]{dummy.2}{\376\377\000A\000b\000s\000t\000r\000a\000c\000t}{}% 2
\BOOKMARK [0][-]{dummy.4}{\376\377\000L\000i\000s\000t\000\040\000o\000f\000\040\000F\000i\000g\000u\000r\000e\000s}{}% 3
\BOOKMARK [0][-]{dummy.6}{\376\377\000L\000i\000s\000t\000\040\000o\000f\000\040\000T\000a\000b\000l\000e\000s}{}% 4
\BOOKMARK [0][-]{dummy.8}{\376\377\000T\000a\000b\000l\000e\000\040\000o\000f\000\040\000N\000o\000m\000e\000n\000c\000l\000a\000t\000u\000r\000e}{}% 5
\BOOKMARK [0][-]{chapter.11}{\376\377\0001\000\040\000I\000n\000t\000r\000o\000d\000u\000c\000t\000i\000o\000n}{}% 6
\BOOKMARK [0][-]{chapter.12}{\376\377\0002\000\040\000B\000a\000c\000k\000g\000r\000o\000u\000n\000d}{}% 7
\BOOKMARK [1][-]{section.13}{\376\377\0002\000.\0001\000\040\000N\000e\000a\000r\000e\000s\000t\000\040\000N\000e\000i\000g\000h\000b\000o\000r\000s\000\040\000S\000e\000a\000r\000c\000h}{chapter.12}% 8
\BOOKMARK [2][-]{subsection.14}{\376\377\0002\000.\0001\000.\0001\000\040\000O\000v\000e\000r\000v\000i\000e\000w}{section.13}% 9
\BOOKMARK [2][-]{subsection.16}{\376\377\0002\000.\0001\000.\0002\000\040\000B\000a\000s\000i\000c\000\040\000S\000e\000a\000r\000c\000h\000\040\000A\000l\000g\000o\000r\000i\000t\000h\000m}{section.13}% 10
\BOOKMARK [2][-]{subsection.17}{\376\377\0002\000.\0001\000.\0003\000\040\000K\000-\000n\000e\000a\000r\000e\000s\000t\000\040\000N\000e\000i\000g\000h\000b\000o\000r\000s}{section.13}% 11
\BOOKMARK [1][-]{section.18}{\376\377\0002\000.\0002\000\040\000F\000i\000x\000e\000d\000\040\000R\000a\000d\000i\000u\000s\000\040\000S\000e\000a\000r\000c\000h}{chapter.12}% 12
\BOOKMARK [1][-]{section.19}{\376\377\0002\000.\0003\000\040\000A\000p\000p\000r\000o\000x\000i\000m\000a\000t\000e\000\040\000N\000e\000a\000r\000e\000s\000t\000\040\000N\000e\000i\000g\000h\000b\000o\000r\000s}{chapter.12}% 13
\BOOKMARK [2][-]{subsection.20}{\376\377\0002\000.\0003\000.\0001\000\040\000T\000r\000e\000e\000\040\000B\000a\000s\000e\000d\000\040\000I\000n\000d\000e\000x\000e\000s}{section.19}% 14
\BOOKMARK [2][-]{subsection.21}{\376\377\0002\000.\0003\000.\0002\000\040\000H\000a\000s\000h\000\040\000I\000n\000d\000e\000x\000e\000s}{section.19}% 15
\BOOKMARK [2][-]{subsection.22}{\376\377\0002\000.\0003\000.\0003\000\040\000G\000r\000a\000p\000h\000\040\000I\000n\000d\000e\000x\000e\000s}{section.19}% 16
\BOOKMARK [1][-]{section.23}{\376\377\0002\000.\0004\000\040\000k\000-\000d\000\040\000T\000r\000e\000e\000s}{chapter.12}% 17
\BOOKMARK [2][-]{subsection.24}{\376\377\0002\000.\0004\000.\0001\000\040\000O\000v\000e\000r\000v\000i\000e\000w}{section.23}% 18
\BOOKMARK [2][-]{subsection.25}{\376\377\0002\000.\0004\000.\0002\000\040\000C\000o\000n\000s\000t\000r\000u\000c\000t\000i\000o\000n}{section.23}% 19
\BOOKMARK [2][-]{subsection.27}{\376\377\0002\000.\0004\000.\0003\000\040\000N\000e\000a\000r\000e\000s\000t\000\040\000N\000e\000i\000g\000h\000b\000o\000r\000\040\000Q\000u\000e\000r\000y}{section.23}% 20
\BOOKMARK [2][-]{subsection.29}{\376\377\0002\000.\0004\000.\0004\000\040\000A\000p\000p\000r\000o\000x\000i\000m\000a\000t\000e\000\040\000N\000e\000a\000r\000e\000s\000t\000\040\000N\000e\000i\000g\000h\000b\000o\000r\000s\000\040\000Q\000u\000e\000r\000y}{section.23}% 21
\BOOKMARK [2][-]{subsection.30}{\376\377\0002\000.\0004\000.\0005\000\040\000M\000o\000d\000i\000f\000i\000c\000a\000t\000i\000o\000n}{section.23}% 22
\BOOKMARK [1][-]{section.31}{\376\377\0002\000.\0005\000\040\000R\000a\000n\000d\000o\000m\000i\000z\000e\000d\000\040\000k\000-\000d\000\040\000T\000r\000e\000e\000\040\000F\000o\000r\000e\000s\000t\000s}{chapter.12}% 23
\BOOKMARK [0][-]{chapter.32}{\376\377\0003\000\040\000R\000e\000l\000a\000t\000e\000d\000\040\000W\000o\000r\000k}{}% 24
\BOOKMARK [1][-]{section.33}{\376\377\0003\000.\0001\000\040\000A\000p\000p\000r\000o\000x\000i\000m\000a\000t\000e\000\040\000N\000e\000a\000r\000e\000s\000t\000\040\000N\000e\000i\000g\000h\000b\000o\000r\000\040\000F\000r\000a\000m\000e\000w\000o\000r\000k\000s}{chapter.32}% 25
\BOOKMARK [0][-]{chapter.34}{\376\377\0004\000\040\000S\000y\000s\000t\000e\000m\000\040\000D\000e\000s\000c\000r\000i\000p\000t\000i\000o\000n}{}% 26
\BOOKMARK [1][-]{section.35}{\376\377\0004\000.\0001\000\040\000O\000v\000e\000r\000v\000i\000e\000w}{chapter.34}% 27
\BOOKMARK [2][-]{subsection.36}{\376\377\0004\000.\0001\000.\0001\000\040\000N\000o\000r\000m\000a\000l\000i\000z\000a\000t\000i\000o\000n}{section.35}% 28
\BOOKMARK [2][-]{subsection.39}{\376\377\0004\000.\0001\000.\0002\000\040\000D\000i\000m\000e\000n\000s\000i\000o\000n\000\040\000R\000e\000l\000e\000v\000a\000n\000c\000e}{section.35}% 29
\BOOKMARK [2][-]{subsection.41}{\376\377\0004\000.\0001\000.\0003\000\040\000M\000o\000t\000i\000v\000a\000t\000i\000o\000n\000\040\000f\000o\000r\000\040\000k\000-\000d\000\040\000T\000r\000e\000e\000s}{section.35}% 30
\BOOKMARK [2][-]{subsection.42}{\376\377\0004\000.\0001\000.\0004\000\040\000S\000p\000l\000i\000t\000\040\000D\000i\000m\000e\000n\000s\000i\000o\000n\000\040\000D\000e\000t\000e\000r\000m\000i\000n\000a\000t\000i\000o\000n\000\040\000H\000e\000u\000r\000i\000s\000t\000i\000c\000s}{section.35}% 31
\BOOKMARK [2][-]{subsection.43}{\376\377\0004\000.\0001\000.\0005\000\040\000I\000n\000i\000t\000i\000a\000l\000\040\000T\000e\000s\000t\000s}{section.35}% 32
\BOOKMARK [2][-]{subsection.47}{\376\377\0004\000.\0001\000.\0006\000\040\000T\000r\000e\000e\000\040\000Q\000u\000a\000l\000i\000t\000y\000\040\000M\000e\000t\000r\000i\000c}{section.35}% 33
\BOOKMARK [1][-]{section.48}{\376\377\0004\000.\0002\000\040\000D\000e\000t\000a\000i\000l\000e\000d\000\040\000I\000m\000p\000l\000e\000m\000e\000n\000t\000a\000t\000i\000o\000n\000\040\000O\000v\000e\000r\000v\000i\000e\000w}{chapter.34}% 34
\BOOKMARK [2][-]{subsection.49}{\376\377\0004\000.\0002\000.\0001\000\040\000I\000n\000d\000e\000x\000\040\000C\000o\000n\000s\000t\000r\000u\000c\000t\000i\000o\000n}{section.48}% 35
\BOOKMARK [2][-]{subsection.51}{\376\377\0004\000.\0002\000.\0002\000\040\000A\000N\000N\000\040\000Q\000u\000e\000r\000y}{section.48}% 36
\BOOKMARK [2][-]{subsection.53}{\376\377\0004\000.\0002\000.\0003\000\040\000W\000e\000i\000g\000h\000t\000e\000d\000\040\000R\000a\000n\000d\000o\000m\000\040\000N\000u\000m\000b\000e\000r\000\040\000S\000e\000l\000e\000c\000t\000i\000o\000n}{section.48}% 37
\BOOKMARK [0][-]{chapter.54}{\376\377\0005\000\040\000R\000e\000s\000u\000l\000t\000s}{}% 38
\BOOKMARK [1][-]{section.55}{\376\377\0005\000.\0001\000\040\000F\000u\000l\000l\000\040\000S\000y\000s\000t\000e\000m\000\040\000T\000e\000s\000t\000s}{chapter.54}% 39
\BOOKMARK [1][-]{section.58}{\376\377\0005\000.\0002\000\040\000C\000h\000a\000n\000g\000e\000\040\000o\000f\000\040\000D\000i\000m\000e\000n\000s\000i\000o\000n\000a\000l\000i\000t\000y}{chapter.54}% 40
\BOOKMARK [1][-]{section.60}{\376\377\0005\000.\0003\000\040\000S\000i\000z\000e\000\040\000o\000f\000\040\000D\000a\000t\000a\000s\000e\000t}{chapter.54}% 41
\BOOKMARK [1][-]{section.62}{\376\377\0005\000.\0004\000\040\000N\000u\000m\000b\000e\000r\000\040\000o\000f\000\040\000T\000r\000e\000e\000s}{chapter.54}% 42
\BOOKMARK [1][-]{section.64}{\376\377\0005\000.\0005\000\040\000N\000o\000d\000e\000s\000\040\000S\000e\000a\000r\000c\000h\000e\000d}{chapter.54}% 43
\BOOKMARK [1][-]{section.66}{\376\377\0005\000.\0006\000\040\000S\000i\000z\000e\000\040\000o\000f\000\040\000R\000e\000s\000u\000l\000t\000\040\000S\000e\000t}{chapter.54}% 44
\BOOKMARK [1][-]{section.68}{\376\377\0005\000.\0007\000\040\000N\000u\000m\000b\000e\000r\000\040\000o\000f\000\040\000T\000r\000e\000e\000s\000\040\000P\000e\000r\000\040\000Q\000u\000e\000r\000y}{chapter.54}% 45
\BOOKMARK [1][-]{section.70}{\376\377\0005\000.\0008\000\040\000A\000l\000t\000e\000r\000n\000a\000t\000i\000v\000e\000\040\000D\000a\000t\000a\000s\000e\000t}{chapter.54}% 46
\BOOKMARK [0][-]{chapter.73}{\376\377\0006\000\040\000F\000u\000t\000u\000r\000e\000\040\000W\000o\000r\000k}{}% 47
\BOOKMARK [1][-]{section.74}{\376\377\0006\000.\0001\000\040\000H\000e\000u\000r\000i\000s\000t\000i\000c\000\040\000T\000u\000n\000i\000n\000g}{chapter.73}% 48
\BOOKMARK [1][-]{section.75}{\376\377\0006\000.\0002\000\040\000R\000e\000a\000l\000\040\000W\000o\000r\000l\000d\000\040\000C\000o\000n\000s\000i\000d\000e\000r\000a\000t\000i\000o\000n\000s}{chapter.73}% 49
\BOOKMARK [0][-]{chapter.76}{\376\377\0007\000\040\000C\000o\000n\000c\000l\000u\000s\000i\000o\000n}{}% 50
\BOOKMARK [0][-]{dummy.77}{\376\377\000B\000i\000b\000l\000i\000o\000g\000r\000a\000p\000h\000y}{}% 51
